
=== Sat Oct 26 13:54:36 2019

Packages were changed.
Update Mode: resetToDefaultDependencies

The following packages were added:
  com.unity.analytics@3.2.2
  com.unity.purchasing@2.0.3
  com.unity.ads@2.0.8
The following packages were updated:
  com.unity.textmeshpro from version 2.0.1 to 1.3.0
  com.unity.package-manager-ui from version 2.2.0 to 2.0.3
  com.unity.collab-proxy from version 1.2.16 to 1.2.15
The following packages were removed:
  com.unity.2d.sprite@1.0.0
  com.unity.2d.tilemap@1.0.0
  com.unity.ext.nunit@1.0.0
  com.unity.ide.rider@1.1.0
  com.unity.ide.vscode@1.1.0
  com.unity.test-framework@1.0.13
  com.unity.timeline@1.1.0
  com.unity.ugui@1.0.0
  com.unity.modules.androidjni@1.0.0

=== Wed Dec 11 13:39:46 2019

Packages were changed.
Update Mode: updateDependencies

The following packages were updated:
  com.unity.test-framework from version 1.0.13 to 1.1.3
  com.unity.timeline from version 1.1.0 to 1.2.6
The following packages were removed:
  com.unity.package-manager-ui@2.2.0

=== Sun Sep 27 14:24:09 2020

Packages were changed.
Update Mode: updateDependencies

The following packages were added:
  com.unity.ide.visualstudio@2.0.2
The following packages were updated:
  com.unity.collab-proxy from version 1.2.16 to 1.3.9
  com.unity.ide.rider from version 1.1.0 to 1.2.1
  com.unity.ide.vscode from version 1.1.3 to 1.2.1
  com.unity.render-pipelines.lightweight from version 7.1.6 to 8.2.0
  com.unity.test-framework from version 1.1.3 to 1.1.16
  com.unity.textmeshpro from version 2.0.1 to 3.0.1
